[2012-10-23 10:53:21] request.ERROR: Symfony\Component\HttpKernel\Exception\NotFoundHttpException: No route found for "GET /web/" (uncaught exception) at /Users/Office/Documents/mandats/e100/vendor/symfony/symfony/src/Symfony/Component/HttpKernel/EventListener/RouterListener.php line 92 [] []
[2012-10-23 10:53:24] request.ERROR: Symfony\Component\HttpKernel\Exception\NotFoundHttpException: No route found for "GET /" (uncaught exception) at /Users/Office/Documents/mandats/e100/vendor/symfony/symfony/src/Symfony/Component/HttpKernel/EventListener/RouterListener.php line 92 [] []
[2012-10-23 16:02:01] request.ERROR: Symfony\Component\HttpKernel\Exception\NotFoundHttpException: No route found for "GET /" (uncaught exception) at /Users/Office/Documents/mandats/e100/app/cache/prod/classes.php line 5060 [] []
[2012-10-23 16:28:25] request.ERROR: Symfony\Component\HttpKernel\Exception\NotFoundHttpException: No route found for "GET /assets/css/bootstrap.css" (uncaught exception) at /Users/Office/Documents/mandats/e100/app/cache/prod/classes.php line 5060 [] []
[2012-10-23 16:28:25] request.ERROR: Symfony\Component\HttpKernel\Exception\NotFoundHttpException: No route found for "GET /assets/css/responsive.css" (uncaught exception) at /Users/Office/Documents/mandats/e100/app/cache/prod/classes.php line 5060 [] []
[2012-10-23 16:28:25] request.ERROR: Symfony\Component\HttpKernel\Exception\NotFoundHttpException: No route found for "GET /image/favicon.ico" (uncaught exception) at /Users/Office/Documents/mandats/e100/app/cache/prod/classes.php line 5060 [] []
[2012-10-23 16:28:29] request.ERROR: Symfony\Component\HttpKernel\Exception\NotFoundHttpException: No route found for "GET /assets/css/responsive.css" (uncaught exception) at /Users/Office/Documents/mandats/e100/app/cache/prod/classes.php line 5060 [] []
[2012-10-23 16:28:29] request.ERROR: Symfony\Component\HttpKernel\Exception\NotFoundHttpException: No route found for "GET /assets/css/bootstrap.css" (uncaught exception) at /Users/Office/Documents/mandats/e100/app/cache/prod/classes.php line 5060 [] []
[2012-10-23 16:28:29] request.ERROR: Symfony\Component\HttpKernel\Exception\NotFoundHttpException: No route found for "GET /image/favicon.ico" (uncaught exception) at /Users/Office/Documents/mandats/e100/app/cache/prod/classes.php line 5060 [] []
[2012-10-23 17:03:22] request.ERROR: Symfony\Component\HttpKernel\Exception\NotFoundHttpException: No route found for "GET /assets/js/bootstrap-alert.js" (uncaught exception) at /Users/Office/Documents/mandats/e100/app/cache/prod/classes.php line 5060 [] []
[2012-10-23 17:03:22] request.ERROR: Symfony\Component\HttpKernel\Exception\NotFoundHttpException: No route found for "GET /assets/js/bootstrap-transition.js" (uncaught exception) at /Users/Office/Documents/mandats/e100/app/cache/prod/classes.php line 5060 [] []
[2012-10-23 17:03:22] request.ERROR: Symfony\Component\HttpKernel\Exception\NotFoundHttpException: No route found for "GET /assets/js/bootstrap-dropdown.js" (uncaught exception) at /Users/Office/Documents/mandats/e100/app/cache/prod/classes.php line 5060 [] []
[2012-10-23 17:03:22] request.ERROR: Symfony\Component\HttpKernel\Exception\NotFoundHttpException: No route found for "GET /assets/js/bootstrap-modal.js" (uncaught exception) at /Users/Office/Documents/mandats/e100/app/cache/prod/classes.php line 5060 [] []
[2012-10-23 17:03:22] request.ERROR: Symfony\Component\HttpKernel\Exception\NotFoundHttpException: No route found for "GET /assets/js/bootstrap-tooltip.js" (uncaught exception) at /Users/Office/Documents/mandats/e100/app/cache/prod/classes.php line 5060 [] []
[2012-10-23 17:03:22] request.ERROR: Symfony\Component\HttpKernel\Exception\NotFoundHttpException: No route found for "GET /assets/js/bootstrap-tab.js" (uncaught exception) at /Users/Office/Documents/mandats/e100/app/cache/prod/classes.php line 5060 [] []
[2012-10-23 17:03:22] request.ERROR: Symfony\Component\HttpKernel\Exception\NotFoundHttpException: No route found for "GET /assets/js/bootstrap-scrollspy.js" (uncaught exception) at /Users/Office/Documents/mandats/e100/app/cache/prod/classes.php line 5060 [] []
[2012-10-23 17:03:22] request.ERROR: Symfony\Component\HttpKernel\Exception\NotFoundHttpException: No route found for "GET /assets/js/bootstrap-popover.js" (uncaught exception) at /Users/Office/Documents/mandats/e100/app/cache/prod/classes.php line 5060 [] []
[2012-10-23 17:03:22] request.ERROR: Symfony\Component\HttpKernel\Exception\NotFoundHttpException: No route found for "GET /assets/js/bootstrap-button.js" (uncaught exception) at /Users/Office/Documents/mandats/e100/app/cache/prod/classes.php line 5060 [] []
[2012-10-23 17:03:22] request.ERROR: Symfony\Component\HttpKernel\Exception\NotFoundHttpException: No route found for "GET /assets/js/bootstrap-collapse.js" (uncaught exception) at /Users/Office/Documents/mandats/e100/app/cache/prod/classes.php line 5060 [] []
[2012-10-23 17:03:22] request.ERROR: Symfony\Component\HttpKernel\Exception\NotFoundHttpException: No route found for "GET /assets/js/bootstrap-carousel.js" (uncaught exception) at /Users/Office/Documents/mandats/e100/app/cache/prod/classes.php line 5060 [] []
[2012-10-23 17:03:22] request.ERROR: Symfony\Component\HttpKernel\Exception\NotFoundHttpException: No route found for "GET /assets/js/bootstrap-typeahead.js" (uncaught exception) at /Users/Office/Documents/mandats/e100/app/cache/prod/classes.php line 5060 [] []
[2012-10-23 17:03:22] request.ERROR: Symfony\Component\HttpKernel\Exception\NotFoundHttpException: No route found for "GET /image/favicon.ico" (uncaught exception) at /Users/Office/Documents/mandats/e100/app/cache/prod/classes.php line 5060 [] []
